0 verbose cli /usr/bin/node-18 /usr/bin/npm
1 info using npm@9.8.1
2 info using node@v18.18.2
3 timing npm:load:whichnode Completed in 29ms
4 timing config:load:defaults Completed in 5ms
5 timing config:load:file:/usr/lib/node_modules_18/npm/npmrc Completed in 16ms
6 timing config:load:builtin Completed in 17ms
7 timing config:load:cli Completed in 3ms
8 timing config:load:env Completed in 0ms
9 timing config:load:project Completed in 1ms
10 timing config:load:file:/home/ec2-user/.npmrc Completed in 0ms
11 timing config:load:user Completed in 0ms
12 timing config:load:file:/etc/npmrc Completed in 0ms
13 timing config:load:global Completed in 0ms
14 timing config:load:setEnvs Completed in 1ms
15 timing config:load Completed in 29ms
16 timing npm:load:configload Completed in 29ms
17 timing config:load:flatten Completed in 13ms
18 timing npm:load:mkdirpcache Completed in 1ms
19 timing npm:load:mkdirplogs Completed in 0ms
20 verbose title npm install npm@10.8.2
21 verbose argv "install" "--global" "npm@10.8.2"
22 timing npm:load:setTitle Completed in 1ms
23 timing npm:load:display Completed in 1ms
24 verbose logfile logs-max:10 dir:/home/ec2-user/.npm/_logs/2024-07-29T05_52_45_607Z-
25 verbose logfile /home/ec2-user/.npm/_logs/2024-07-29T05_52_45_607Z-debug-0.log
26 timing npm:load:logFile Completed in 22ms
27 timing npm:load:timers Completed in 0ms
28 timing npm:load:configScope Completed in 0ms
29 timing npm:load Completed in 136ms
30 timing config:load:flatten Completed in 1ms
31 silly logfile done cleaning log files
32 http fetch GET 200 https://registry.npmjs.org/npm 74ms (cache hit)
33 timing arborist:ctor Completed in 1ms
34 timing idealTree:init Completed in 7ms
35 timing idealTree:userRequests Completed in 12ms
36 silly idealTree buildDeps
37 silly fetch manifest npm@10.8.2
38 http fetch GET 200 https://registry.npmjs.org/npm 42ms (cache hit)
39 silly placeDep ROOT npm@10.8.2 OK for:  want: 10.8.2
40 timing idealTree:#root Completed in 80ms
41 timing idealTree:node_modules/npm Completed in 0ms
42 timing idealTree:buildDeps Completed in 82ms
43 timing idealTree:fixDepFlags Completed in 1ms
44 timing idealTree Completed in 102ms
45 timing reify:loadTrees Completed in 105ms
46 timing reify:diffTrees Completed in 2ms
47 silly reify moves {}
48 timing reify:retireShallow Completed in 2ms
49 timing reify:rollback:createSparse Completed in 0ms
50 timing reify:rollback:retireShallow Completed in 0ms
51 timing command:install Completed in 313ms
52 verbose stack Error: EACCES: permission denied, mkdir '/usr/local/lib/node_modules'
53 verbose cwd /home/ec2-user/mynodeapp
54 verbose Linux 6.1.96-102.177.amzn2023.x86_64
55 verbose node v18.18.2
56 verbose npm  v9.8.1
57 error code EACCES
58 error syscall mkdir
59 error path /usr/local/lib/node_modules
60 error errno -13
61 error [Error: EACCES: permission denied, mkdir '/usr/local/lib/node_modules'] {
61 error   errno: -13,
61 error   code: 'EACCES',
61 error   syscall: 'mkdir',
61 error   path: '/usr/local/lib/node_modules'
61 error }
62 error
62 error The operation was rejected by your operating system.
62 error It is likely you do not have the permissions to access this file as the current user
62 error
62 error If you believe this might be a permissions issue, please double-check the
62 error permissions of the file and its containing directories, or try running
62 error the command again as root/Administrator.
63 verbose exit -13
64 timing npm Completed in 703ms
65 verbose unfinished npm timer reify 1722232366133
66 verbose unfinished npm timer reify:createSparse 1722232366285
67 verbose code -13
68 error A complete log of this run can be found in: /home/ec2-user/.npm/_logs/2024-07-29T05_52_45_607Z-debug-0.log
