0 verbose cli /usr/bin/node-18 /usr/bin/npm
1 info using npm@9.8.1
2 info using node@v18.18.2
3 timing npm:load:whichnode Completed in 24ms
4 timing config:load:defaults Completed in 5ms
5 timing config:load:file:/usr/lib/node_modules_18/npm/npmrc Completed in 7ms
6 timing config:load:builtin Completed in 7ms
7 timing config:load:cli Completed in 3ms
8 timing config:load:env Completed in 0ms
9 timing config:load:project Completed in 15ms
10 timing config:load:file:/home/ec2-user/.npmrc Completed in 0ms
11 timing config:load:user Completed in 0ms
12 timing config:load:file:/etc/npmrc Completed in 1ms
13 timing config:load:global Completed in 1ms
14 timing config:load:setEnvs Completed in 1ms
15 timing config:load Completed in 33ms
16 timing npm:load:configload Completed in 33ms
17 timing config:load:flatten Completed in 4ms
18 timing npm:load:mkdirpcache Completed in 12ms
19 timing npm:load:mkdirplogs Completed in 0ms
20 verbose title npm install npm@10.8.2npm install npm@10.8.2
21 verbose argv "install" "--global" "npm@10.8.2npm" "install" "--global" "npm@10.8.2"
22 timing npm:load:setTitle Completed in 1ms
23 timing npm:load:display Completed in 1ms
24 verbose logfile logs-max:10 dir:/home/ec2-user/.npm/_logs/2024-07-29T05_52_35_413Z-
25 verbose logfile /home/ec2-user/.npm/_logs/2024-07-29T05_52_35_413Z-debug-0.log
26 timing npm:load:logFile Completed in 28ms
27 timing npm:load:timers Completed in 0ms
28 timing npm:load:configScope Completed in 0ms
29 timing npm:load Completed in 146ms
30 timing config:load:flatten Completed in 1ms
31 silly logfile done cleaning log files
32 http fetch GET 200 https://registry.npmjs.org/npm 476ms (cache hit)
33 timing command:install Completed in 548ms
34 verbose type version
35 verbose stack npm: No matching version found for npm@10.8.2npm.
35 verbose stack     at module.exports (/usr/lib/node_modules_18/npm/node_modules/npm-pick-manifest/lib/index.js:209:23)
35 verbose stack     at RegistryFetcher.manifest (/usr/lib/node_modules_18/npm/node_modules/pacote/lib/registry.js:119:22)
35 verbose stack     at async Install.exec (/usr/lib/node_modules_18/npm/lib/commands/install.js:110:27)
35 verbose stack     at async module.exports (/usr/lib/node_modules_18/npm/lib/cli-entry.js:61:5)
36 verbose cwd /home/ec2-user/mynodeapp
37 verbose Linux 6.1.96-102.177.amzn2023.x86_64
38 verbose node v18.18.2
39 verbose npm  v9.8.1
40 error code ETARGET
41 error notarget No matching version found for npm@10.8.2npm.
42 error notarget In most cases you or one of your dependencies are requesting
42 error notarget a package version that doesn't exist.
43 verbose exit 1
44 timing npm Completed in 942ms
45 verbose code 1
46 error A complete log of this run can be found in: /home/ec2-user/.npm/_logs/2024-07-29T05_52_35_413Z-debug-0.log
