0 verbose cli /usr/bin/node-18 /usr/bin/npm
1 info using npm@9.8.1
2 info using node@v18.18.2
3 timing npm:load:whichnode Completed in 24ms
4 timing config:load:defaults Completed in 5ms
5 timing config:load:file:/usr/lib/node_modules_18/npm/npmrc Completed in 8ms
6 timing config:load:builtin Completed in 8ms
7 timing config:load:cli Completed in 2ms
8 timing config:load:env Completed in 0ms
9 timing config:load:file:/home/ec2-user/mynodeapp/.npmrc Completed in 0ms
10 timing config:load:project Completed in 6ms
11 timing config:load:file:/home/ec2-user/.npmrc Completed in 0ms
12 timing config:load:user Completed in 0ms
13 timing config:load:file:/etc/npmrc Completed in 9ms
14 timing config:load:global Completed in 9ms
15 timing config:load:setEnvs Completed in 1ms
16 timing config:load Completed in 33ms
17 timing npm:load:configload Completed in 33ms
18 timing config:load:flatten Completed in 4ms
19 timing npm:load:mkdirpcache Completed in 12ms
20 timing npm:load:mkdirplogs Completed in 0ms
21 verbose title npm run start
22 verbose argv "run" "start"
23 timing npm:load:setTitle Completed in 1ms
24 timing npm:load:display Completed in 1ms
25 verbose logfile logs-max:10 dir:/home/ec2-user/.npm/_logs/2024-07-29T05_56_36_242Z-
26 verbose logfile /home/ec2-user/.npm/_logs/2024-07-29T05_56_36_242Z-debug-0.log
27 timing npm:load:logFile Completed in 21ms
28 timing npm:load:timers Completed in 0ms
29 timing npm:load:configScope Completed in 0ms
30 timing npm:load Completed in 141ms
31 silly logfile done cleaning log files
32 timing command:run Completed in 42ms
33 verbose stack Error: Missing script: "start"
33 verbose stack
33 verbose stack Did you mean one of these?
33 verbose stack     npm star # Mark your favorite packages
33 verbose stack     npm stars # View packages marked as favorites
33 verbose stack
33 verbose stack To see a list of scripts, run:
33 verbose stack   npm run
33 verbose stack     at RunScript.run (/usr/lib/node_modules_18/npm/lib/commands/run-script.js:94:13)
33 verbose stack     at async module.exports (/usr/lib/node_modules_18/npm/lib/cli-entry.js:61:5)
34 verbose cwd /home/ec2-user/mynodeapp
35 verbose Linux 6.1.96-102.177.amzn2023.x86_64
36 verbose node v18.18.2
37 verbose npm  v9.8.1
38 error Missing script: "start"
38 error
38 error Did you mean one of these?
38 error     npm star # Mark your favorite packages
38 error     npm stars # View packages marked as favorites
38 error
38 error To see a list of scripts, run:
38 error   npm run
39 verbose exit 1
40 timing npm Completed in 275ms
41 verbose code 1
42 error A complete log of this run can be found in: /home/ec2-user/.npm/_logs/2024-07-29T05_56_36_242Z-debug-0.log
