0 verbose cli /usr/bin/node-18 /usr/bin/npm
1 info using npm@9.8.1
2 info using node@v18.18.2
3 timing npm:load:whichnode Completed in 30ms
4 timing config:load:defaults Completed in 4ms
5 timing config:load:file:/usr/lib/node_modules_18/npm/npmrc Completed in 8ms
6 timing config:load:builtin Completed in 8ms
7 timing config:load:cli Completed in 3ms
8 timing config:load:env Completed in 0ms
9 timing config:load:file:/home/ec2-user/mynodeapp/.npmrc Completed in 0ms
10 timing config:load:project Completed in 6ms
11 timing config:load:file:/home/ec2-user/.npmrc Completed in 0ms
12 timing config:load:user Completed in 0ms
13 timing config:load:file:/etc/npmrc Completed in 0ms
14 timing config:load:global Completed in 0ms
15 timing config:load:setEnvs Completed in 1ms
16 timing config:load Completed in 24ms
17 timing npm:load:configload Completed in 24ms
18 timing config:load:flatten Completed in 3ms
19 timing npm:load:mkdirpcache Completed in 13ms
20 timing npm:load:mkdirplogs Completed in 0ms
21 verbose title npm start
22 verbose argv "start"
23 timing npm:load:setTitle Completed in 1ms
24 timing npm:load:display Completed in 1ms
25 verbose logfile logs-max:10 dir:/home/ec2-user/.npm/_logs/2024-07-29T05_58_45_737Z-
26 verbose logfile /home/ec2-user/.npm/_logs/2024-07-29T05_58_45_737Z-debug-0.log
27 timing npm:load:logFile Completed in 21ms
28 timing npm:load:timers Completed in 0ms
29 timing npm:load:configScope Completed in 1ms
30 timing npm:load Completed in 136ms
31 silly logfile done cleaning log files
32 timing command:run-script Completed in 36ms
33 timing command:start Completed in 49ms
34 verbose stack Error: Missing script: "start"
34 verbose stack
34 verbose stack Did you mean one of these?
34 verbose stack     npm star # Mark your favorite packages
34 verbose stack     npm stars # View packages marked as favorites
34 verbose stack
34 verbose stack To see a list of scripts, run:
34 verbose stack   npm run
34 verbose stack     at RunScript.run (/usr/lib/node_modules_18/npm/lib/commands/run-script.js:94:13)
34 verbose stack     at async module.exports (/usr/lib/node_modules_18/npm/lib/cli-entry.js:61:5)
35 verbose cwd /home/ec2-user/mynodeapp
36 verbose Linux 6.1.96-102.177.amzn2023.x86_64
37 verbose node v18.18.2
38 verbose npm  v9.8.1
39 error Missing script: "start"
39 error
39 error Did you mean one of these?
39 error     npm star # Mark your favorite packages
39 error     npm stars # View packages marked as favorites
39 error
39 error To see a list of scripts, run:
39 error   npm run
40 verbose exit 1
41 timing npm Completed in 270ms
42 verbose code 1
43 error A complete log of this run can be found in: /home/ec2-user/.npm/_logs/2024-07-29T05_58_45_737Z-debug-0.log
